{"C:\\Users\\adria\\OneDrive\\Documentos\\Proyectos Docker\\MotorReservas\\src\\app.controller.ts": {"path":"C:\\Users\\adria\\OneDrive\\Documentos\\Proyectos Docker\\MotorReservas\\src\\app.controller.ts","statementMap":{"0":{"start":{"line":1,"column":0},"end":{"line":1,"column":49}},"1":{"start":{"line":2,"column":0},"end":{"line":2,"column":43}},"2":{"start":{"line":5,"column":7},"end":{"line":12,"column":null}},"3":{"start":{"line":6,"column":31},"end":{"line":6,"column":43}},"4":{"start":{"line":10,"column":4},"end":{"line":10,"column":38}},"5":{"start":{"line":5,"column":13},"end":{"line":5,"column":26}},"6":{"start":{"line":9,"column":2},"end":{"line":11,"column":null}},"7":{"start":{"line":5,"column":13},"end":{"line":12,"column":null}}},"fnMap":{"0":{"name":"(anonymous_2)","decl":{"start":{"line":6,"column":2},"end":{"line":6,"column":31}},"loc":{"start":{"line":6,"column":53},"end":{"line":6,"column":57}}},"1":{"name":"(anonymous_3)","decl":{"start":{"line":9,"column":2},"end":{"line":9,"column":10}},"loc":{"start":{"line":9,"column":10},"end":{"line":11,"column":3}}}},"branchMap":{"0":{"loc":{"start":{"line":6,"column":43},"end":{"line":6,"column":56}},"type":"cond-expr","locations":[{"start":{"line":6,"column":53},"end":{"line":6,"column":56}},{"start":{"line":6,"column":53},"end":{"line":6,"column":56}}]},"1":{"loc":{"start":{"line":6,"column":43},"end":{"line":6,"column":53}},"type":"binary-expr","locations":[{"start":{"line":6,"column":43},"end":{"line":6,"column":56}},{"start":{"line":6,"column":43},"end":{"line":6,"column":53}}]}},"s":{"0":0,"1":0,"2":0,"3":0,"4":0,"5":0,"6":0,"7":0},"f":{"0":0,"1":0},"b":{"0":[0,0],"1":[0,0]}}
,"C:\\Users\\adria\\OneDrive\\Documentos\\Proyectos Docker\\MotorReservas\\src\\app.module.ts": {"path":"C:\\Users\\adria\\OneDrive\\Documentos\\Proyectos Docker\\MotorReservas\\src\\app.module.ts","statementMap":{"0":{"start":{"line":1,"column":0},"end":{"line":1,"column":40}},"1":{"start":{"line":2,"column":0},"end":{"line":2,"column":61}},"2":{"start":{"line":3,"column":0},"end":{"line":3,"column":48}},"3":{"start":{"line":4,"column":0},"end":{"line":4,"column":49}},"4":{"start":{"line":5,"column":0},"end":{"line":5,"column":43}},"5":{"start":{"line":6,"column":0},"end":{"line":6,"column":54}},"6":{"start":{"line":7,"column":0},"end":{"line":7,"column":71}},"7":{"start":{"line":8,"column":0},"end":{"line":8,"column":48}},"8":{"start":{"line":9,"column":0},"end":{"line":9,"column":65}},"9":{"start":{"line":10,"column":0},"end":{"line":10,"column":44}},"10":{"start":{"line":12,"column":0},"end":{"line":12,"column":53}},"11":{"start":{"line":13,"column":0},"end":{"line":13,"column":53}},"12":{"start":{"line":57,"column":7},"end":{"line":57,"column":null}},"13":{"start":{"line":57,"column":13},"end":{"line":57,"column":22}},"14":{"start":{"line":57,"column":13},"end":{"line":57,"column":null}},"15":{"start":{"line":20,"column":53},"end":{"line":25,"column":8}},"16":{"start":{"line":34,"column":53},"end":{"line":46,"column":8}}},"fnMap":{"0":{"name":"(anonymous_1)","decl":{"start":{"line":20,"column":18},"end":{"line":20,"column":19}},"loc":{"start":{"line":20,"column":53},"end":{"line":25,"column":8}}},"1":{"name":"(anonymous_2)","decl":{"start":{"line":34,"column":18},"end":{"line":34,"column":19}},"loc":{"start":{"line":34,"column":53},"end":{"line":46,"column":8}}}},"branchMap":{},"s":{"0":0,"1":0,"2":0,"3":0,"4":0,"5":0,"6":0,"7":0,"8":0,"9":0,"10":0,"11":0,"12":0,"13":0,"14":0,"15":0,"16":0},"f":{"0":0,"1":0},"b":{}}
,"C:\\Users\\adria\\OneDrive\\Documentos\\Proyectos Docker\\MotorReservas\\src\\app.service.ts": {"path":"C:\\Users\\adria\\OneDrive\\Documentos\\Proyectos Docker\\MotorReservas\\src\\app.service.ts","statementMap":{"0":{"start":{"line":1,"column":0},"end":{"line":1,"column":44}},"1":{"start":{"line":4,"column":7},"end":{"line":8,"column":null}},"2":{"start":{"line":6,"column":4},"end":{"line":6,"column":26}},"3":{"start":{"line":4,"column":13},"end":{"line":4,"column":23}},"4":{"start":{"line":4,"column":13},"end":{"line":8,"column":null}}},"fnMap":{"0":{"name":"(anonymous_1)","decl":{"start":{"line":5,"column":2},"end":{"line":5,"column":10}},"loc":{"start":{"line":5,"column":10},"end":{"line":7,"column":3}}}},"branchMap":{},"s":{"0":0,"1":0,"2":0,"3":0,"4":0},"f":{"0":0},"b":{}}
,"C:\\Users\\adria\\OneDrive\\Documentos\\Proyectos Docker\\MotorReservas\\src\\main.ts": {"path":"C:\\Users\\adria\\OneDrive\\Documentos\\Proyectos Docker\\MotorReservas\\src\\main.ts","statementMap":{"0":{"start":{"line":1,"column":0},"end":{"line":1,"column":43}},"1":{"start":{"line":2,"column":0},"end":{"line":2,"column":47}},"2":{"start":{"line":3,"column":0},"end":{"line":3,"column":41}},"3":{"start":{"line":6,"column":14},"end":{"line":6,"column":49}},"4":{"start":{"line":7,"column":24},"end":{"line":7,"column":46}},"5":{"start":{"line":8,"column":15},"end":{"line":8,"column":56}},"6":{"start":{"line":9,"column":2},"end":{"line":9,"column":25}},"7":{"start":{"line":10,"column":2},"end":{"line":10,"column":69}},"8":{"start":{"line":12,"column":0},"end":{"line":12,"column":17}}},"fnMap":{"0":{"name":"bootstrap","decl":{"start":{"line":5,"column":15},"end":{"line":5,"column":24}},"loc":{"start":{"line":5,"column":24},"end":{"line":11,"column":1}}}},"branchMap":{"0":{"loc":{"start":{"line":8,"column":15},"end":{"line":8,"column":56}},"type":"binary-expr","locations":[{"start":{"line":8,"column":15},"end":{"line":8,"column":48}},{"start":{"line":8,"column":52},"end":{"line":8,"column":56}}]}},"s":{"0":0,"1":0,"2":0,"3":0,"4":0,"5":0,"6":0,"7":0,"8":0},"f":{"0":0},"b":{"0":[0,0]}}
,"C:\\Users\\adria\\OneDrive\\Documentos\\Proyectos Docker\\MotorReservas\\src\\core\\core.module.ts": {"path":"C:\\Users\\adria\\OneDrive\\Documentos\\Proyectos Docker\\MotorReservas\\src\\core\\core.module.ts","statementMap":{"0":{"start":{"line":1,"column":0},"end":{"line":1,"column":48}},"1":{"start":{"line":2,"column":0},"end":{"line":2,"column":64}},"2":{"start":{"line":3,"column":0},"end":{"line":3,"column":64}},"3":{"start":{"line":15,"column":7},"end":{"line":15,"column":null}},"4":{"start":{"line":15,"column":13},"end":{"line":15,"column":23}},"5":{"start":{"line":15,"column":13},"end":{"line":15,"column":null}}},"fnMap":{},"branchMap":{},"s":{"0":0,"1":0,"2":0,"3":0,"4":0,"5":0},"f":{},"b":{}}
,"C:\\Users\\adria\\OneDrive\\Documentos\\Proyectos Docker\\MotorReservas\\src\\core\\cache\\cache-service.interface.ts": {"path":"C:\\Users\\adria\\OneDrive\\Documentos\\Proyectos Docker\\MotorReservas\\src\\core\\cache\\cache-service.interface.ts","statementMap":{"0":{"start":{"line":21,"column":13},"end":{"line":21,"column":53}}},"fnMap":{},"branchMap":{},"s":{"0":0},"f":{},"b":{}}
,"C:\\Users\\adria\\OneDrive\\Documentos\\Proyectos Docker\\MotorReservas\\src\\core\\cache\\redis-cache.service.ts": {"path":"C:\\Users\\adria\\OneDrive\\Documentos\\Proyectos Docker\\MotorReservas\\src\\core\\cache\\redis-cache.service.ts","statementMap":{"0":{"start":{"line":1,"column":0},"end":{"line":1,"column":75}},"1":{"start":{"line":2,"column":0},"end":{"line":2,"column":47}},"2":{"start":{"line":3,"column":0},"end":{"line":3,"column":28}},"3":{"start":{"line":7,"column":7},"end":{"line":66,"column":null}},"4":{"start":{"line":12,"column":31},"end":{"line":12,"column":46}},"5":{"start":{"line":15,"column":4},"end":{"line":18,"column":7}},"6":{"start":{"line":22,"column":4},"end":{"line":22,"column":34}},"7":{"start":{"line":26,"column":17},"end":{"line":26,"column":48}},"8":{"start":{"line":27,"column":4},"end":{"line":27,"column":27}},"9":{"start":{"line":27,"column":15},"end":{"line":27,"column":27}},"10":{"start":{"line":28,"column":4},"end":{"line":32,"column":5}},"11":{"start":{"line":29,"column":6},"end":{"line":29,"column":35}},"12":{"start":{"line":31,"column":6},"end":{"line":31,"column":34}},"13":{"start":{"line":36,"column":17},"end":{"line":36,"column":74}},"14":{"start":{"line":37,"column":4},"end":{"line":41,"column":5}},"15":{"start":{"line":38,"column":6},"end":{"line":38,"column":55}},"16":{"start":{"line":40,"column":6},"end":{"line":40,"column":44}},"17":{"start":{"line":45,"column":4},"end":{"line":45,"column":36}},"18":{"start":{"line":49,"column":20},"end":{"line":49,"column":33}},"19":{"start":{"line":52,"column":19},"end":{"line":57,"column":null}},"20":{"start":{"line":59,"column":4},"end":{"line":59,"column":27}},"21":{"start":{"line":63,"column":20},"end":{"line":63,"column":33}},"22":{"start":{"line":64,"column":4},"end":{"line":64,"column":40}},"23":{"start":{"line":7,"column":13},"end":{"line":7,"column":30}},"24":{"start":{"line":7,"column":13},"end":{"line":66,"column":null}}},"fnMap":{"0":{"name":"(anonymous_3)","decl":{"start":{"line":12,"column":2},"end":{"line":12,"column":31}},"loc":{"start":{"line":12,"column":59},"end":{"line":12,"column":63}}},"1":{"name":"(anonymous_4)","decl":{"start":{"line":14,"column":2},"end":{"line":14,"column":14}},"loc":{"start":{"line":14,"column":14},"end":{"line":19,"column":3}}},"2":{"name":"(anonymous_5)","decl":{"start":{"line":21,"column":2},"end":{"line":21,"column":17}},"loc":{"start":{"line":21,"column":17},"end":{"line":23,"column":3}}},"3":{"name":"(anonymous_6)","decl":{"start":{"line":25,"column":2},"end":{"line":25,"column":7}},"loc":{"start":{"line":25,"column":26},"end":{"line":33,"column":3}}},"4":{"name":"(anonymous_7)","decl":{"start":{"line":35,"column":2},"end":{"line":35,"column":7}},"loc":{"start":{"line":35,"column":50},"end":{"line":42,"column":3}}},"5":{"name":"(anonymous_8)","decl":{"start":{"line":44,"column":2},"end":{"line":44,"column":7}},"loc":{"start":{"line":44,"column":23},"end":{"line":46,"column":3}}},"6":{"name":"(anonymous_9)","decl":{"start":{"line":48,"column":2},"end":{"line":48,"column":7}},"loc":{"start":{"line":48,"column":37},"end":{"line":60,"column":3}}},"7":{"name":"(anonymous_10)","decl":{"start":{"line":62,"column":2},"end":{"line":62,"column":7}},"loc":{"start":{"line":62,"column":26},"end":{"line":65,"column":3}}}},"branchMap":{"0":{"loc":{"start":{"line":27,"column":4},"end":{"line":27,"column":27}},"type":"if","locations":[{"start":{"line":27,"column":4},"end":{"line":27,"column":27}},{"start":{},"end":{}}]},"1":{"loc":{"start":{"line":36,"column":17},"end":{"line":36,"column":74}},"type":"cond-expr","locations":[{"start":{"line":36,"column":45},"end":{"line":36,"column":50}},{"start":{"line":36,"column":53},"end":{"line":36,"column":74}}]},"2":{"loc":{"start":{"line":37,"column":4},"end":{"line":41,"column":5}},"type":"if","locations":[{"start":{"line":37,"column":4},"end":{"line":41,"column":5}},{"start":{"line":39,"column":11},"end":{"line":41,"column":5}}]},"3":{"loc":{"start":{"line":12,"column":46},"end":{"line":12,"column":62}},"type":"cond-expr","locations":[{"start":{"line":12,"column":59},"end":{"line":12,"column":62}},{"start":{"line":12,"column":59},"end":{"line":12,"column":62}}]},"4":{"loc":{"start":{"line":12,"column":46},"end":{"line":12,"column":59}},"type":"binary-expr","locations":[{"start":{"line":12,"column":46},"end":{"line":12,"column":62}},{"start":{"line":12,"column":46},"end":{"line":12,"column":59}}]}},"s":{"0":0,"1":0,"2":0,"3":0,"4":0,"5":0,"6":0,"7":0,"8":0,"9":0,"10":0,"11":0,"12":0,"13":0,"14":0,"15":0,"16":0,"17":0,"18":0,"19":0,"20":0,"21":0,"22":0,"23":0,"24":0},"f":{"0":0,"1":0,"2":0,"3":0,"4":0,"5":0,"6":0,"7":0},"b":{"0":[0,0],"1":[0,0],"2":[0,0],"3":[0,0],"4":[0,0]}}
,"C:\\Users\\adria\\OneDrive\\Documentos\\Proyectos Docker\\MotorReservas\\src\\core\\database\\repository.interface.ts": {"path":"C:\\Users\\adria\\OneDrive\\Documentos\\Proyectos Docker\\MotorReservas\\src\\core\\database\\repository.interface.ts","statementMap":{"0":{"start":{"line":14,"column":13},"end":{"line":14,"column":49}}},"fnMap":{},"branchMap":{},"s":{"0":0},"f":{},"b":{}}
,"C:\\Users\\adria\\OneDrive\\Documentos\\Proyectos Docker\\MotorReservas\\src\\core\\decorators\\distributed-lock.decorator.ts": {"path":"C:\\Users\\adria\\OneDrive\\Documentos\\Proyectos Docker\\MotorReservas\\src\\core\\decorators\\distributed-lock.decorator.ts","statementMap":{"0":{"start":{"line":11,"column":0},"end":{"line":11,"column":16}},"1":{"start":{"line":1,"column":0},"end":{"line":1,"column":79}},"2":{"start":{"line":2,"column":0},"end":{"line":2,"column":90}},"3":{"start":{"line":4,"column":13},"end":{"line":4,"column":47}},"4":{"start":{"line":12,"column":2},"end":{"line":15,"column":4}}},"fnMap":{"0":{"name":"DistributedLock","decl":{"start":{"line":11,"column":16},"end":{"line":11,"column":31}},"loc":{"start":{"line":11,"column":71},"end":{"line":16,"column":1}}}},"branchMap":{"0":{"loc":{"start":{"line":11,"column":53},"end":{"line":11,"column":71}},"type":"default-arg","locations":[{"start":{"line":11,"column":67},"end":{"line":11,"column":71}}]}},"s":{"0":0,"1":0,"2":0,"3":0,"4":0},"f":{"0":0},"b":{"0":[0]}}
,"C:\\Users\\adria\\OneDrive\\Documentos\\Proyectos Docker\\MotorReservas\\src\\core\\interceptors\\distributed-lock.interceptor.ts": {"path":"C:\\Users\\adria\\OneDrive\\Documentos\\Proyectos Docker\\MotorReservas\\src\\core\\interceptors\\distributed-lock.interceptor.ts","statementMap":{"0":{"start":{"line":1,"column":0},"end":{"line":1,"column":null}},"1":{"start":{"line":9,"column":0},"end":{"line":9,"column":41}},"2":{"start":{"line":11,"column":0},"end":{"line":11,"column":42}},"3":{"start":{"line":12,"column":0},"end":{"line":12,"column":65}},"4":{"start":{"line":13,"column":0},"end":{"line":13,"column":68}},"5":{"start":{"line":16,"column":7},"end":{"line":64,"column":null}},"6":{"start":{"line":18,"column":21},"end":{"line":18,"column":32}},"7":{"start":{"line":20,"column":21},"end":{"line":20,"column":35}},"8":{"start":{"line":27,"column":20},"end":{"line":29,"column":null}},"9":{"start":{"line":32,"column":4},"end":{"line":34,"column":5}},"10":{"start":{"line":33,"column":6},"end":{"line":33,"column":27}},"11":{"start":{"line":36,"column":33},"end":{"line":36,"column":40}},"12":{"start":{"line":39,"column":20},"end":{"line":39,"column":31}},"13":{"start":{"line":40,"column":4},"end":{"line":51,"column":5}},"14":{"start":{"line":41,"column":24},"end":{"line":41,"column":48}},"15":{"start":{"line":43,"column":22},"end":{"line":43,"column":62}},"16":{"start":{"line":45,"column":6},"end":{"line":50,"column":20}},"17":{"start":{"line":53,"column":21},"end":{"line":53,"column":65}},"18":{"start":{"line":54,"column":4},"end":{"line":56,"column":5}},"19":{"start":{"line":55,"column":6},"end":{"line":55,"column":79}},"20":{"start":{"line":58,"column":4},"end":{"line":62,"column":6}},"21":{"start":{"line":60,"column":8},"end":{"line":60,"column":49}},"22":{"start":{"line":16,"column":13},"end":{"line":16,"column":39}},"23":{"start":{"line":16,"column":13},"end":{"line":64,"column":null}}},"fnMap":{"0":{"name":"(anonymous_4)","decl":{"start":{"line":17,"column":2},"end":{"line":17,"column":null}},"loc":{"start":{"line":20,"column":48},"end":{"line":21,"column":6}}},"1":{"name":"(anonymous_5)","decl":{"start":{"line":23,"column":2},"end":{"line":23,"column":7}},"loc":{"start":{"line":25,"column":21},"end":{"line":63,"column":3}}},"2":{"name":"(anonymous_6)","decl":{"start":{"line":59,"column":15},"end":{"line":59,"column":18}},"loc":{"start":{"line":59,"column":20},"end":{"line":61,"column":7}}}},"branchMap":{"0":{"loc":{"start":{"line":32,"column":4},"end":{"line":34,"column":5}},"type":"if","locations":[{"start":{"line":32,"column":4},"end":{"line":34,"column":5}},{"start":{},"end":{}}]},"1":{"loc":{"start":{"line":40,"column":4},"end":{"line":51,"column":5}},"type":"if","locations":[{"start":{"line":40,"column":4},"end":{"line":51,"column":5}},{"start":{},"end":{}}]},"2":{"loc":{"start":{"line":47,"column":8},"end":{"line":50,"column":19}},"type":"binary-expr","locations":[{"start":{"line":47,"column":9},"end":{"line":47,"column":23}},{"start":{"line":47,"column":27},"end":{"line":47,"column":52}},{"start":{"line":49,"column":9},"end":{"line":49,"column":21}},{"start":{"line":49,"column":25},"end":{"line":49,"column":48}},{"start":{"line":50,"column":8},"end":{"line":50,"column":19}}]},"3":{"loc":{"start":{"line":54,"column":4},"end":{"line":56,"column":5}},"type":"if","locations":[{"start":{"line":54,"column":4},"end":{"line":56,"column":5}},{"start":{},"end":{}}]},"4":{"loc":{"start":{"line":18,"column":32},"end":{"line":18,"column":null}},"type":"cond-expr","locations":[{"start":{"line":18,"column":41},"end":{"line":18,"column":null}},{"start":{"line":18,"column":41},"end":{"line":18,"column":null}}]},"5":{"loc":{"start":{"line":18,"column":32},"end":{"line":18,"column":41}},"type":"binary-expr","locations":[{"start":{"line":18,"column":32},"end":{"line":18,"column":null}},{"start":{"line":18,"column":32},"end":{"line":18,"column":41}}]},"6":{"loc":{"start":{"line":18,"column":41},"end":{"line":20,"column":null}},"type":"cond-expr","locations":[{"start":{"line":20,"column":48},"end":{"line":20,"column":null}},{"start":{"line":20,"column":48},"end":{"line":20,"column":null}}]},"7":{"loc":{"start":{"line":18,"column":41},"end":{"line":20,"column":48}},"type":"binary-expr","locations":[{"start":{"line":18,"column":41},"end":{"line":20,"column":null}},{"start":{"line":20,"column":35},"end":{"line":20,"column":48}}]}},"s":{"0":0,"1":0,"2":0,"3":0,"4":0,"5":0,"6":0,"7":0,"8":0,"9":0,"10":0,"11":0,"12":0,"13":0,"14":0,"15":0,"16":0,"17":0,"18":0,"19":0,"20":0,"21":0,"22":0,"23":0},"f":{"0":0,"1":0,"2":0},"b":{"0":[0,0],"1":[0,0],"2":[0,0,0,0,0],"3":[0,0],"4":[0,0],"5":[0,0],"6":[0,0],"7":[0,0]}}
,"C:\\Users\\adria\\OneDrive\\Documentos\\Proyectos Docker\\MotorReservas\\src\\core\\mocks\\cache.mock.ts": {"path":"C:\\Users\\adria\\OneDrive\\Documentos\\Proyectos Docker\\MotorReservas\\src\\core\\mocks\\cache.mock.ts","statementMap":{"0":{"start":{"line":5,"column":20},"end":{"line":5,"column":42}},"1":{"start":{"line":6,"column":18},"end":{"line":6,"column":35}},"2":{"start":{"line":10,"column":16},"end":{"line":10,"column":37}},"3":{"start":{"line":12,"column":4},"end":{"line":12,"column":40}},"4":{"start":{"line":16,"column":4},"end":{"line":16,"column":33}},"5":{"start":{"line":17,"column":4},"end":{"line":17,"column":29}},"6":{"start":{"line":21,"column":4},"end":{"line":21,"column":29}},"7":{"start":{"line":22,"column":4},"end":{"line":22,"column":29}},"8":{"start":{"line":26,"column":4},"end":{"line":26,"column":59}},"9":{"start":{"line":26,"column":29},"end":{"line":26,"column":59}},"10":{"start":{"line":27,"column":4},"end":{"line":27,"column":24}},"11":{"start":{"line":28,"column":4},"end":{"line":28,"column":33}},"12":{"start":{"line":32,"column":4},"end":{"line":32,"column":27}},"13":{"start":{"line":33,"column":4},"end":{"line":33,"column":29}},"14":{"start":{"line":4,"column":0},"end":{"line":4,"column":13}}},"fnMap":{"0":{"name":"(anonymous_0)","decl":{"start":{"line":8,"column":2},"end":{"line":8,"column":5}},"loc":{"start":{"line":8,"column":20},"end":{"line":13,"column":3}}},"1":{"name":"(anonymous_1)","decl":{"start":{"line":15,"column":2},"end":{"line":15,"column":5}},"loc":{"start":{"line":15,"column":45},"end":{"line":18,"column":3}}},"2":{"name":"(anonymous_2)","decl":{"start":{"line":20,"column":2},"end":{"line":20,"column":5}},"loc":{"start":{"line":20,"column":17},"end":{"line":23,"column":3}}},"3":{"name":"(anonymous_3)","decl":{"start":{"line":25,"column":2},"end":{"line":25,"column":6}},"loc":{"start":{"line":25,"column":32},"end":{"line":29,"column":3}}},"4":{"name":"(anonymous_4)","decl":{"start":{"line":31,"column":2},"end":{"line":31,"column":8}},"loc":{"start":{"line":31,"column":20},"end":{"line":34,"column":3}}}},"branchMap":{"0":{"loc":{"start":{"line":12,"column":27},"end":{"line":12,"column":38}},"type":"binary-expr","locations":[{"start":{"line":12,"column":27},"end":{"line":12,"column":30}},{"start":{"line":12,"column":34},"end":{"line":12,"column":38}}]},"1":{"loc":{"start":{"line":26,"column":4},"end":{"line":26,"column":59}},"type":"if","locations":[{"start":{"line":26,"column":4},"end":{"line":26,"column":59}},{"start":{},"end":{}}]}},"s":{"0":0,"1":0,"2":0,"3":0,"4":0,"5":0,"6":0,"7":0,"8":0,"9":0,"10":0,"11":0,"12":0,"13":0,"14":0},"f":{"0":0,"1":0,"2":0,"3":0,"4":0},"b":{"0":[0,0],"1":[0,0]}}
,"C:\\Users\\adria\\OneDrive\\Documentos\\Proyectos Docker\\MotorReservas\\src\\core\\mocks\\repository.mock.ts": {"path":"C:\\Users\\adria\\OneDrive\\Documentos\\Proyectos Docker\\MotorReservas\\src\\core\\mocks\\repository.mock.ts","statementMap":{"0":{"start":{"line":5,"column":28},"end":{"line":5,"column":30}},"1":{"start":{"line":9,"column":19},"end":{"line":9,"column":52}},"2":{"start":{"line":10,"column":4},"end":{"line":10,"column":43}},"3":{"start":{"line":14,"column":4},"end":{"line":14,"column":42}},"4":{"start":{"line":18,"column":4},"end":{"line":18,"column":31}},"5":{"start":{"line":19,"column":4},"end":{"line":19,"column":35}},"6":{"start":{"line":23,"column":4},"end":{"line":23,"column":24}},"7":{"start":{"line":24,"column":4},"end":{"line":24,"column":29}},"8":{"start":{"line":29,"column":4},"end":{"line":29,"column":28}},"9":{"start":{"line":4,"column":0},"end":{"line":4,"column":13}}},"fnMap":{"0":{"name":"(anonymous_0)","decl":{"start":{"line":7,"column":2},"end":{"line":7,"column":9}},"loc":{"start":{"line":7,"column":28},"end":{"line":11,"column":3}}},"1":{"name":"(anonymous_1)","decl":{"start":{"line":13,"column":2},"end":{"line":13,"column":9}},"loc":{"start":{"line":13,"column":9},"end":{"line":15,"column":3}}},"2":{"name":"(anonymous_2)","decl":{"start":{"line":17,"column":2},"end":{"line":17,"column":6}},"loc":{"start":{"line":17,"column":16},"end":{"line":20,"column":3}}},"3":{"name":"(anonymous_3)","decl":{"start":{"line":22,"column":2},"end":{"line":22,"column":8}},"loc":{"start":{"line":22,"column":27},"end":{"line":25,"column":3}}},"4":{"name":"(anonymous_4)","decl":{"start":{"line":27,"column":2},"end":{"line":27,"column":7}},"loc":{"start":{"line":27,"column":55},"end":{"line":30,"column":3}}}},"branchMap":{"0":{"loc":{"start":{"line":10,"column":27},"end":{"line":10,"column":41}},"type":"binary-expr","locations":[{"start":{"line":10,"column":27},"end":{"line":10,"column":33}},{"start":{"line":10,"column":37},"end":{"line":10,"column":41}}]}},"s":{"0":0,"1":0,"2":0,"3":0,"4":0,"5":0,"6":0,"7":0,"8":0,"9":0},"f":{"0":0,"1":0,"2":0,"3":0,"4":0},"b":{"0":[0,0]}}
,"C:\\Users\\adria\\OneDrive\\Documentos\\Proyectos Docker\\MotorReservas\\src\\db\\data-source.ts": {"path":"C:\\Users\\adria\\OneDrive\\Documentos\\Proyectos Docker\\MotorReservas\\src\\db\\data-source.ts","statementMap":{"0":{"start":{"line":1,"column":0},"end":{"line":1,"column":37}},"1":{"start":{"line":2,"column":0},"end":{"line":2,"column":32}},"2":{"start":{"line":3,"column":0},"end":{"line":3,"column":75}},"3":{"start":{"line":4,"column":0},"end":{"line":4,"column":69}},"4":{"start":{"line":6,"column":0},"end":{"line":6,"column":9}},"5":{"start":{"line":8,"column":13},"end":{"line":18,"column":3}}},"fnMap":{},"branchMap":{"0":{"loc":{"start":{"line":10,"column":8},"end":{"line":10,"column":48}},"type":"binary-expr","locations":[{"start":{"line":10,"column":8},"end":{"line":10,"column":33}},{"start":{"line":10,"column":37},"end":{"line":10,"column":48}}]},"1":{"loc":{"start":{"line":11,"column":17},"end":{"line":11,"column":52}},"type":"binary-expr","locations":[{"start":{"line":11,"column":17},"end":{"line":11,"column":42}},{"start":{"line":11,"column":46},"end":{"line":11,"column":52}}]},"2":{"loc":{"start":{"line":12,"column":12},"end":{"line":12,"column":55}},"type":"binary-expr","locations":[{"start":{"line":12,"column":12},"end":{"line":12,"column":37}},{"start":{"line":12,"column":41},"end":{"line":12,"column":55}}]},"3":{"loc":{"start":{"line":13,"column":12},"end":{"line":13,"column":59}},"type":"binary-expr","locations":[{"start":{"line":13,"column":12},"end":{"line":13,"column":41}},{"start":{"line":13,"column":45},"end":{"line":13,"column":59}}]},"4":{"loc":{"start":{"line":14,"column":12},"end":{"line":14,"column":53}},"type":"binary-expr","locations":[{"start":{"line":14,"column":12},"end":{"line":14,"column":37}},{"start":{"line":14,"column":41},"end":{"line":14,"column":53}}]}},"s":{"0":0,"1":0,"2":0,"3":0,"4":0,"5":0},"f":{},"b":{"0":[0,0],"1":[0,0],"2":[0,0],"3":[0,0],"4":[0,0]}}
,"C:\\Users\\adria\\OneDrive\\Documentos\\Proyectos Docker\\MotorReservas\\src\\db\\migrations\\1771279287354-InitialSchema.ts": {"path":"C:\\Users\\adria\\OneDrive\\Documentos\\Proyectos Docker\\MotorReservas\\src\\db\\migrations\\1771279287354-InitialSchema.ts","statementMap":{"0":{"start":{"line":4,"column":9},"end":{"line":4,"column":37}},"1":{"start":{"line":7,"column":4},"end":{"line":9,"column":6}},"2":{"start":{"line":10,"column":4},"end":{"line":12,"column":6}},"3":{"start":{"line":16,"column":4},"end":{"line":16,"column":55}},"4":{"start":{"line":17,"column":4},"end":{"line":19,"column":6}},"5":{"start":{"line":20,"column":4},"end":{"line":20,"column":56}},"6":{"start":{"line":3,"column":0},"end":{"line":3,"column":13}}},"fnMap":{"0":{"name":"(anonymous_0)","decl":{"start":{"line":6,"column":9},"end":{"line":6,"column":14}},"loc":{"start":{"line":6,"column":42},"end":{"line":13,"column":3}}},"1":{"name":"(anonymous_1)","decl":{"start":{"line":15,"column":9},"end":{"line":15,"column":14}},"loc":{"start":{"line":15,"column":44},"end":{"line":21,"column":3}}}},"branchMap":{},"s":{"0":0,"1":0,"2":0,"3":0,"4":0,"5":0,"6":0},"f":{"0":0,"1":0},"b":{}}
,"C:\\Users\\adria\\OneDrive\\Documentos\\Proyectos Docker\\MotorReservas\\src\\health\\health.controller.ts": {"path":"C:\\Users\\adria\\OneDrive\\Documentos\\Proyectos Docker\\MotorReservas\\src\\health\\health.controller.ts","statementMap":{"0":{"start":{"line":1,"column":0},"end":{"line":1,"column":49}},"1":{"start":{"line":4,"column":7},"end":{"line":12,"column":null}},"2":{"start":{"line":7,"column":4},"end":{"line":10,"column":6}},"3":{"start":{"line":4,"column":13},"end":{"line":4,"column":29}},"4":{"start":{"line":6,"column":2},"end":{"line":11,"column":null}},"5":{"start":{"line":4,"column":13},"end":{"line":12,"column":null}}},"fnMap":{"0":{"name":"(anonymous_2)","decl":{"start":{"line":6,"column":2},"end":{"line":6,"column":7}},"loc":{"start":{"line":6,"column":7},"end":{"line":11,"column":3}}}},"branchMap":{},"s":{"0":0,"1":0,"2":0,"3":0,"4":0,"5":0},"f":{"0":0},"b":{}}
,"C:\\Users\\adria\\OneDrive\\Documentos\\Proyectos Docker\\MotorReservas\\src\\health\\health.module.ts": {"path":"C:\\Users\\adria\\OneDrive\\Documentos\\Proyectos Docker\\MotorReservas\\src\\health\\health.module.ts","statementMap":{"0":{"start":{"line":1,"column":0},"end":{"line":1,"column":40}},"1":{"start":{"line":2,"column":0},"end":{"line":2,"column":55}},"2":{"start":{"line":7,"column":7},"end":{"line":7,"column":null}},"3":{"start":{"line":7,"column":13},"end":{"line":7,"column":25}},"4":{"start":{"line":7,"column":13},"end":{"line":7,"column":null}}},"fnMap":{},"branchMap":{},"s":{"0":0,"1":0,"2":0,"3":0,"4":0},"f":{},"b":{}}
,"C:\\Users\\adria\\OneDrive\\Documentos\\Proyectos Docker\\MotorReservas\\src\\modules\\booking\\booking.module.ts": {"path":"C:\\Users\\adria\\OneDrive\\Documentos\\Proyectos Docker\\MotorReservas\\src\\modules\\booking\\booking.module.ts","statementMap":{"0":{"start":{"line":1,"column":0},"end":{"line":1,"column":40}},"1":{"start":{"line":2,"column":0},"end":{"line":2,"column":48}},"2":{"start":{"line":3,"column":0},"end":{"line":3,"column":52}},"3":{"start":{"line":4,"column":0},"end":{"line":4,"column":69}},"4":{"start":{"line":5,"column":0},"end":{"line":5,"column":60}},"5":{"start":{"line":6,"column":0},"end":{"line":6,"column":70}},"6":{"start":{"line":7,"column":0},"end":{"line":7,"column":64}},"7":{"start":{"line":8,"column":0},"end":{"line":8,"column":44}},"8":{"start":{"line":9,"column":0},"end":{"line":9,"column":55}},"9":{"start":{"line":11,"column":0},"end":{"line":11,"column":53}},"10":{"start":{"line":12,"column":0},"end":{"line":12,"column":62}},"11":{"start":{"line":30,"column":7},"end":{"line":30,"column":null}},"12":{"start":{"line":30,"column":13},"end":{"line":30,"column":26}},"13":{"start":{"line":30,"column":13},"end":{"line":30,"column":null}}},"fnMap":{},"branchMap":{},"s":{"0":0,"1":0,"2":0,"3":0,"4":0,"5":0,"6":0,"7":0,"8":0,"9":0,"10":0,"11":0,"12":0,"13":0},"f":{},"b":{}}
,"C:\\Users\\adria\\OneDrive\\Documentos\\Proyectos Docker\\MotorReservas\\src\\modules\\booking\\booking.processor.ts": {"path":"C:\\Users\\adria\\OneDrive\\Documentos\\Proyectos Docker\\MotorReservas\\src\\modules\\booking\\booking.processor.ts","statementMap":{"0":{"start":{"line":1,"column":0},"end":{"line":1,"column":55}},"1":{"start":{"line":3,"column":0},"end":{"line":3,"column":60}},"2":{"start":{"line":6,"column":7},"end":{"line":35,"column":null}},"3":{"start":{"line":8,"column":4},"end":{"line":8,"column":12}},"4":{"start":{"line":7,"column":31},"end":{"line":7,"column":47}},"5":{"start":{"line":18,"column":47},"end":{"line":18,"column":55}},"6":{"start":{"line":19,"column":4},"end":{"line":19,"column":78}},"7":{"start":{"line":21,"column":4},"end":{"line":33,"column":5}},"8":{"start":{"line":22,"column":21},"end":{"line":25,"column":null}},"9":{"start":{"line":27,"column":6},"end":{"line":27,"column":56}},"10":{"start":{"line":28,"column":6},"end":{"line":28,"column":20}},"11":{"start":{"line":30,"column":22},"end":{"line":30,"column":78}},"12":{"start":{"line":31,"column":6},"end":{"line":31,"column":71}},"13":{"start":{"line":32,"column":6},"end":{"line":32,"column":31}},"14":{"start":{"line":6,"column":13},"end":{"line":6,"column":29}},"15":{"start":{"line":6,"column":13},"end":{"line":35,"column":null}}},"fnMap":{"0":{"name":"(anonymous_2)","decl":{"start":{"line":7,"column":2},"end":{"line":7,"column":31}},"loc":{"start":{"line":7,"column":61},"end":{"line":9,"column":3}}},"1":{"name":"(anonymous_3)","decl":{"start":{"line":11,"column":2},"end":{"line":11,"column":7}},"loc":{"start":{"line":16,"column":5},"end":{"line":34,"column":3}}}},"branchMap":{"0":{"loc":{"start":{"line":30,"column":22},"end":{"line":30,"column":78}},"type":"cond-expr","locations":[{"start":{"line":30,"column":47},"end":{"line":30,"column":60}},{"start":{"line":30,"column":63},"end":{"line":30,"column":78}}]},"1":{"loc":{"start":{"line":7,"column":47},"end":{"line":7,"column":null}},"type":"cond-expr","locations":[{"start":{"line":7,"column":61},"end":{"line":7,"column":null}},{"start":{"line":7,"column":61},"end":{"line":7,"column":null}}]},"2":{"loc":{"start":{"line":7,"column":47},"end":{"line":7,"column":61}},"type":"binary-expr","locations":[{"start":{"line":7,"column":47},"end":{"line":7,"column":null}},{"start":{"line":7,"column":47},"end":{"line":7,"column":61}}]}},"s":{"0":1,"1":1,"2":1,"3":4,"4":4,"5":3,"6":3,"7":3,"8":3,"9":1,"10":1,"11":2,"12":2,"13":2,"14":1,"15":1},"f":{"0":4,"1":3},"b":{"0":[1,1],"1":[1,0],"2":[1,1]}}
,"C:\\Users\\adria\\OneDrive\\Documentos\\Proyectos Docker\\MotorReservas\\src\\modules\\booking\\controllers\\booking.controller.ts": {"path":"C:\\Users\\adria\\OneDrive\\Documentos\\Proyectos Docker\\MotorReservas\\src\\modules\\booking\\controllers\\booking.controller.ts","statementMap":{"0":{"start":{"line":1,"column":0},"end":{"line":1,"column":null}},"1":{"start":{"line":11,"column":0},"end":{"line":11,"column":45}},"2":{"start":{"line":12,"column":0},"end":{"line":12,"column":31}},"3":{"start":{"line":15,"column":7},"end":{"line":63,"column":null}},"4":{"start":{"line":17,"column":51},"end":{"line":17,"column":65}},"5":{"start":{"line":26,"column":50},"end":{"line":30,"column":6}},"6":{"start":{"line":32,"column":4},"end":{"line":34,"column":5}},"7":{"start":{"line":33,"column":6},"end":{"line":33,"column":37}},"8":{"start":{"line":36,"column":16},"end":{"line":36,"column":76}},"9":{"start":{"line":38,"column":4},"end":{"line":41,"column":6}},"10":{"start":{"line":46,"column":16},"end":{"line":46,"column":50}},"11":{"start":{"line":48,"column":4},"end":{"line":50,"column":5}},"12":{"start":{"line":49,"column":6},"end":{"line":49,"column":37}},"13":{"start":{"line":52,"column":26},"end":{"line":52,"column":46}},"14":{"start":{"line":53,"column":28},"end":{"line":53,"column":43}},"15":{"start":{"line":54,"column":39},"end":{"line":54,"column":55}},"16":{"start":{"line":56,"column":4},"end":{"line":61,"column":6}},"17":{"start":{"line":15,"column":13},"end":{"line":15,"column":30}},"18":{"start":{"line":22,"column":8},"end":{"line":42,"column":null}},"19":{"start":{"line":45,"column":8},"end":{"line":62,"column":null}},"20":{"start":{"line":15,"column":13},"end":{"line":63,"column":null}}},"fnMap":{"0":{"name":"(anonymous_4)","decl":{"start":{"line":16,"column":2},"end":{"line":16,"column":null}},"loc":{"start":{"line":17,"column":70},"end":{"line":18,"column":7}}},"1":{"name":"(anonymous_5)","decl":{"start":{"line":22,"column":8},"end":{"line":22,"column":14}},"loc":{"start":{"line":24,"column":57},"end":{"line":42,"column":3}}},"2":{"name":"(anonymous_6)","decl":{"start":{"line":45,"column":8},"end":{"line":45,"column":17}},"loc":{"start":{"line":45,"column":41},"end":{"line":62,"column":3}}}},"branchMap":{"0":{"loc":{"start":{"line":32,"column":4},"end":{"line":34,"column":5}},"type":"if","locations":[{"start":{"line":32,"column":4},"end":{"line":34,"column":5}},{"start":{},"end":{}}]},"1":{"loc":{"start":{"line":48,"column":4},"end":{"line":50,"column":5}},"type":"if","locations":[{"start":{"line":48,"column":4},"end":{"line":50,"column":5}},{"start":{},"end":{}}]},"2":{"loc":{"start":{"line":59,"column":14},"end":{"line":59,"column":28}},"type":"binary-expr","locations":[{"start":{"line":59,"column":14},"end":{"line":59,"column":20}},{"start":{"line":59,"column":24},"end":{"line":59,"column":28}}]},"3":{"loc":{"start":{"line":60,"column":13},"end":{"line":60,"column":27}},"type":"binary-expr","locations":[{"start":{"line":60,"column":13},"end":{"line":60,"column":19}},{"start":{"line":60,"column":23},"end":{"line":60,"column":27}}]},"4":{"loc":{"start":{"line":17,"column":65},"end":{"line":17,"column":null}},"type":"cond-expr","locations":[{"start":{"line":17,"column":70},"end":{"line":17,"column":null}},{"start":{"line":17,"column":70},"end":{"line":17,"column":null}}]},"5":{"loc":{"start":{"line":17,"column":65},"end":{"line":17,"column":70}},"type":"binary-expr","locations":[{"start":{"line":17,"column":65},"end":{"line":17,"column":null}},{"start":{"line":17,"column":65},"end":{"line":17,"column":70}}]}},"s":{"0":0,"1":0,"2":0,"3":0,"4":0,"5":0,"6":0,"7":0,"8":0,"9":0,"10":0,"11":0,"12":0,"13":0,"14":0,"15":0,"16":0,"17":0,"18":0,"19":0,"20":0},"f":{"0":0,"1":0,"2":0},"b":{"0":[0,0],"1":[0,0],"2":[0,0],"3":[0,0],"4":[0,0],"5":[0,0]}}
,"C:\\Users\\adria\\OneDrive\\Documentos\\Proyectos Docker\\MotorReservas\\src\\modules\\booking\\entities\\booking.entity.ts": {"path":"C:\\Users\\adria\\OneDrive\\Documentos\\Proyectos Docker\\MotorReservas\\src\\modules\\booking\\entities\\booking.entity.ts","statementMap":{"0":{"start":{"line":1,"column":0},"end":{"line":1,"column":null}},"1":{"start":{"line":9,"column":0},"end":{"line":9,"column":null}},"2":{"start":{"line":10,"column":2},"end":{"line":10,"column":null}},"3":{"start":{"line":11,"column":2},"end":{"line":11,"column":null}},"4":{"start":{"line":12,"column":2},"end":{"line":12,"column":null}},"5":{"start":{"line":13,"column":2},"end":{"line":13,"column":null}},"6":{"start":{"line":17,"column":7},"end":{"line":42,"column":null}},"7":{"start":{"line":17,"column":13},"end":{"line":17,"column":20}},"8":{"start":{"line":19,"column":2},"end":{"line":19,"column":null}},"9":{"start":{"line":22,"column":2},"end":{"line":22,"column":null}},"10":{"start":{"line":25,"column":2},"end":{"line":25,"column":null}},"11":{"start":{"line":28,"column":2},"end":{"line":28,"column":null}},"12":{"start":{"line":35,"column":2},"end":{"line":35,"column":null}},"13":{"start":{"line":38,"column":2},"end":{"line":38,"column":null}},"14":{"start":{"line":41,"column":2},"end":{"line":41,"column":null}},"15":{"start":{"line":17,"column":13},"end":{"line":42,"column":null}}},"fnMap":{"0":{"name":"(anonymous_2)","decl":{"start":{"line":9,"column":0},"end":{"line":9,"column":12}},"loc":{"start":{"line":9,"column":25},"end":{"line":14,"column":1}}}},"branchMap":{"0":{"loc":{"start":{"line":9,"column":12},"end":{"line":9,"column":null}},"type":"binary-expr","locations":[{"start":{"line":9,"column":12},"end":{"line":9,"column":25}},{"start":{"line":9,"column":25},"end":{"line":9,"column":null}}]},"1":{"loc":{"start":{"line":38,"column":13},"end":{"line":38,"column":18}},"type":"cond-expr","locations":[{"start":{"line":38,"column":17},"end":{"line":38,"column":18}},{"start":{"line":38,"column":17},"end":{"line":38,"column":18}}]},"2":{"loc":{"start":{"line":38,"column":13},"end":{"line":38,"column":17}},"type":"binary-expr","locations":[{"start":{"line":38,"column":13},"end":{"line":38,"column":18}},{"start":{"line":38,"column":13},"end":{"line":38,"column":17}}]},"3":{"loc":{"start":{"line":41,"column":13},"end":{"line":41,"column":18}},"type":"cond-expr","locations":[{"start":{"line":41,"column":17},"end":{"line":41,"column":18}},{"start":{"line":41,"column":17},"end":{"line":41,"column":18}}]},"4":{"loc":{"start":{"line":41,"column":13},"end":{"line":41,"column":17}},"type":"binary-expr","locations":[{"start":{"line":41,"column":13},"end":{"line":41,"column":18}},{"start":{"line":41,"column":13},"end":{"line":41,"column":17}}]}},"s":{"0":2,"1":2,"2":2,"3":2,"4":2,"5":2,"6":2,"7":2,"8":2,"9":2,"10":2,"11":2,"12":2,"13":2,"14":2,"15":2},"f":{"0":2},"b":{"0":[2,2],"1":[2,0],"2":[2,2],"3":[2,0],"4":[2,2]}}
,"C:\\Users\\adria\\OneDrive\\Documentos\\Proyectos Docker\\MotorReservas\\src\\modules\\booking\\repositories\\booking.repository.ts": {"path":"C:\\Users\\adria\\OneDrive\\Documentos\\Proyectos Docker\\MotorReservas\\src\\modules\\booking\\repositories\\booking.repository.ts","statementMap":{"0":{"start":{"line":1,"column":0},"end":{"line":1,"column":64}},"1":{"start":{"line":2,"column":0},"end":{"line":2,"column":44}},"2":{"start":{"line":3,"column":0},"end":{"line":3,"column":51}},"3":{"start":{"line":5,"column":0},"end":{"line":5,"column":53}},"4":{"start":{"line":8,"column":30},"end":{"line":46,"column":null}},"5":{"start":{"line":13,"column":21},"end":{"line":13,"column":33}},"6":{"start":{"line":14,"column":21},"end":{"line":14,"column":31}},"7":{"start":{"line":16,"column":4},"end":{"line":18,"column":47}},"8":{"start":{"line":22,"column":4},"end":{"line":22,"column":54}},"9":{"start":{"line":26,"column":4},"end":{"line":26,"column":34}},"10":{"start":{"line":30,"column":4},"end":{"line":30,"column":40}},"11":{"start":{"line":34,"column":4},"end":{"line":34,"column":37}},"12":{"start":{"line":38,"column":4},"end":{"line":44,"column":7}},"13":{"start":{"line":39,"column":25},"end":{"line":41,"column":null}},"14":{"start":{"line":43,"column":6},"end":{"line":43,"column":36}},"15":{"start":{"line":8,"column":13},"end":{"line":8,"column":30}},"16":{"start":{"line":8,"column":13},"end":{"line":46,"column":null}}},"fnMap":{"0":{"name":"(anonymous_4)","decl":{"start":{"line":11,"column":2},"end":{"line":11,"column":null}},"loc":{"start":{"line":14,"column":44},"end":{"line":19,"column":3}}},"1":{"name":"(anonymous_5)","decl":{"start":{"line":21,"column":2},"end":{"line":21,"column":7}},"loc":{"start":{"line":21,"column":26},"end":{"line":23,"column":3}}},"2":{"name":"(anonymous_6)","decl":{"start":{"line":25,"column":2},"end":{"line":25,"column":7}},"loc":{"start":{"line":25,"column":15},"end":{"line":27,"column":3}}},"3":{"name":"(anonymous_7)","decl":{"start":{"line":29,"column":2},"end":{"line":29,"column":7}},"loc":{"start":{"line":29,"column":28},"end":{"line":31,"column":3}}},"4":{"name":"(anonymous_8)","decl":{"start":{"line":33,"column":2},"end":{"line":33,"column":7}},"loc":{"start":{"line":33,"column":25},"end":{"line":35,"column":3}}},"5":{"name":"(anonymous_9)","decl":{"start":{"line":37,"column":2},"end":{"line":37,"column":7}},"loc":{"start":{"line":37,"column":55},"end":{"line":45,"column":3}}},"6":{"name":"(anonymous_10)","decl":{"start":{"line":38,"column":39},"end":{"line":38,"column":44}},"loc":{"start":{"line":38,"column":57},"end":{"line":44,"column":5}}}},"branchMap":{"0":{"loc":{"start":{"line":16,"column":22},"end":{"line":18,"column":46}},"type":"cond-expr","locations":[{"start":{"line":17,"column":8},"end":{"line":17,"column":43}},{"start":{"line":18,"column":8},"end":{"line":18,"column":46}}]},"1":{"loc":{"start":{"line":13,"column":33},"end":{"line":13,"column":null}},"type":"cond-expr","locations":[{"start":{"line":13,"column":43},"end":{"line":13,"column":null}},{"start":{"line":13,"column":43},"end":{"line":13,"column":null}}]},"2":{"loc":{"start":{"line":13,"column":33},"end":{"line":13,"column":43}},"type":"binary-expr","locations":[{"start":{"line":13,"column":33},"end":{"line":13,"column":null}},{"start":{"line":13,"column":33},"end":{"line":13,"column":43}}]},"3":{"loc":{"start":{"line":13,"column":43},"end":{"line":14,"column":null}},"type":"cond-expr","locations":[{"start":{"line":14,"column":44},"end":{"line":14,"column":null}},{"start":{"line":14,"column":44},"end":{"line":14,"column":null}}]},"4":{"loc":{"start":{"line":13,"column":43},"end":{"line":14,"column":44}},"type":"binary-expr","locations":[{"start":{"line":13,"column":43},"end":{"line":14,"column":null}},{"start":{"line":14,"column":31},"end":{"line":14,"column":44}}]}},"s":{"0":0,"1":0,"2":0,"3":0,"4":0,"5":0,"6":0,"7":0,"8":0,"9":0,"10":0,"11":0,"12":0,"13":0,"14":0,"15":0,"16":0},"f":{"0":0,"1":0,"2":0,"3":0,"4":0,"5":0,"6":0},"b":{"0":[0,0],"1":[0,0],"2":[0,0],"3":[0,0],"4":[0,0]}}
,"C:\\Users\\adria\\OneDrive\\Documentos\\Proyectos Docker\\MotorReservas\\src\\modules\\booking\\services\\booking.service.ts": {"path":"C:\\Users\\adria\\OneDrive\\Documentos\\Proyectos Docker\\MotorReservas\\src\\modules\\booking\\services\\booking.service.ts","statementMap":{"0":{"start":{"line":1,"column":0},"end":{"line":1,"column":63}},"1":{"start":{"line":2,"column":0},"end":{"line":2,"column":37}},"2":{"start":{"line":3,"column":0},"end":{"line":3,"column":51}},"3":{"start":{"line":4,"column":0},"end":{"line":4,"column":68}},"4":{"start":{"line":5,"column":0},"end":{"line":5,"column":70}},"5":{"start":{"line":8,"column":7},"end":{"line":55,"column":null}},"6":{"start":{"line":11,"column":21},"end":{"line":11,"column":33}},"7":{"start":{"line":19,"column":4},"end":{"line":53,"column":7}},"8":{"start":{"line":23,"column":28},"end":{"line":23,"column":60}},"9":{"start":{"line":24,"column":26},"end":{"line":24,"column":56}},"10":{"start":{"line":26,"column":24},"end":{"line":29,"column":8}},"11":{"start":{"line":31,"column":6},"end":{"line":33,"column":7}},"12":{"start":{"line":32,"column":8},"end":{"line":32,"column":74}},"13":{"start":{"line":35,"column":6},"end":{"line":39,"column":7}},"14":{"start":{"line":36,"column":8},"end":{"line":38,"column":10}},"15":{"start":{"line":42,"column":6},"end":{"line":42,"column":44}},"16":{"start":{"line":43,"column":6},"end":{"line":43,"column":42}},"17":{"start":{"line":46,"column":22},"end":{"line":46,"column":35}},"18":{"start":{"line":47,"column":6},"end":{"line":47,"column":41}},"19":{"start":{"line":48,"column":6},"end":{"line":48,"column":30}},"20":{"start":{"line":49,"column":6},"end":{"line":49,"column":34}},"21":{"start":{"line":50,"column":6},"end":{"line":50,"column":47}},"22":{"start":{"line":52,"column":6},"end":{"line":52,"column":45}},"23":{"start":{"line":8,"column":13},"end":{"line":8,"column":27}},"24":{"start":{"line":8,"column":13},"end":{"line":55,"column":null}}},"fnMap":{"0":{"name":"(anonymous_4)","decl":{"start":{"line":9,"column":2},"end":{"line":9,"column":null}},"loc":{"start":{"line":11,"column":43},"end":{"line":12,"column":6}}},"1":{"name":"(anonymous_5)","decl":{"start":{"line":14,"column":2},"end":{"line":14,"column":7}},"loc":{"start":{"line":17,"column":20},"end":{"line":54,"column":3}}},"2":{"name":"(anonymous_6)","decl":{"start":{"line":19,"column":45},"end":{"line":19,"column":50}},"loc":{"start":{"line":19,"column":63},"end":{"line":53,"column":5}}}},"branchMap":{"0":{"loc":{"start":{"line":31,"column":6},"end":{"line":33,"column":7}},"type":"if","locations":[{"start":{"line":31,"column":6},"end":{"line":33,"column":7}},{"start":{},"end":{}}]},"1":{"loc":{"start":{"line":35,"column":6},"end":{"line":39,"column":7}},"type":"if","locations":[{"start":{"line":35,"column":6},"end":{"line":39,"column":7}},{"start":{},"end":{}}]},"2":{"loc":{"start":{"line":11,"column":33},"end":{"line":11,"column":null}},"type":"cond-expr","locations":[{"start":{"line":11,"column":43},"end":{"line":11,"column":null}},{"start":{"line":11,"column":43},"end":{"line":11,"column":null}}]},"3":{"loc":{"start":{"line":11,"column":33},"end":{"line":11,"column":43}},"type":"binary-expr","locations":[{"start":{"line":11,"column":33},"end":{"line":11,"column":null}},{"start":{"line":11,"column":33},"end":{"line":11,"column":43}}]}},"s":{"0":2,"1":2,"2":2,"3":2,"4":2,"5":2,"6":4,"7":3,"8":3,"9":3,"10":3,"11":3,"12":1,"13":2,"14":1,"15":1,"16":1,"17":1,"18":1,"19":1,"20":1,"21":1,"22":1,"23":2,"24":2},"f":{"0":4,"1":3,"2":3},"b":{"0":[1,2],"1":[1,1],"2":[2,0],"3":[2,2]}}
,"C:\\Users\\adria\\OneDrive\\Documentos\\Proyectos Docker\\MotorReservas\\src\\modules\\inventory\\inventory.module.ts": {"path":"C:\\Users\\adria\\OneDrive\\Documentos\\Proyectos Docker\\MotorReservas\\src\\modules\\inventory\\inventory.module.ts","statementMap":{"0":{"start":{"line":1,"column":0},"end":{"line":1,"column":40}},"1":{"start":{"line":2,"column":0},"end":{"line":2,"column":48}},"2":{"start":{"line":3,"column":0},"end":{"line":3,"column":56}},"3":{"start":{"line":4,"column":0},"end":{"line":4,"column":73}},"4":{"start":{"line":5,"column":0},"end":{"line":5,"column":64}},"5":{"start":{"line":6,"column":0},"end":{"line":6,"column":74}},"6":{"start":{"line":14,"column":7},"end":{"line":14,"column":null}},"7":{"start":{"line":14,"column":13},"end":{"line":14,"column":28}},"8":{"start":{"line":14,"column":13},"end":{"line":14,"column":null}}},"fnMap":{},"branchMap":{},"s":{"0":0,"1":0,"2":0,"3":0,"4":0,"5":0,"6":0,"7":0,"8":0},"f":{},"b":{}}
,"C:\\Users\\adria\\OneDrive\\Documentos\\Proyectos Docker\\MotorReservas\\src\\modules\\inventory\\controllers\\inventory.controller.ts": {"path":"C:\\Users\\adria\\OneDrive\\Documentos\\Proyectos Docker\\MotorReservas\\src\\modules\\inventory\\controllers\\inventory.controller.ts","statementMap":{"0":{"start":{"line":1,"column":0},"end":{"line":1,"column":68}},"1":{"start":{"line":2,"column":0},"end":{"line":2,"column":65}},"2":{"start":{"line":5,"column":7},"end":{"line":20,"column":null}},"3":{"start":{"line":6,"column":31},"end":{"line":6,"column":49}},"4":{"start":{"line":10,"column":4},"end":{"line":13,"column":6}},"5":{"start":{"line":18,"column":4},"end":{"line":18,"column":58}},"6":{"start":{"line":5,"column":13},"end":{"line":5,"column":32}},"7":{"start":{"line":9,"column":8},"end":{"line":14,"column":null}},"8":{"start":{"line":17,"column":8},"end":{"line":19,"column":null}},"9":{"start":{"line":5,"column":13},"end":{"line":20,"column":null}}},"fnMap":{"0":{"name":"(anonymous_4)","decl":{"start":{"line":6,"column":2},"end":{"line":6,"column":31}},"loc":{"start":{"line":6,"column":65},"end":{"line":6,"column":69}}},"1":{"name":"(anonymous_5)","decl":{"start":{"line":9,"column":8},"end":{"line":9,"column":18}},"loc":{"start":{"line":9,"column":77},"end":{"line":14,"column":3}}},"2":{"name":"(anonymous_6)","decl":{"start":{"line":17,"column":8},"end":{"line":17,"column":18}},"loc":{"start":{"line":17,"column":62},"end":{"line":19,"column":3}}}},"branchMap":{"0":{"loc":{"start":{"line":6,"column":49},"end":{"line":6,"column":68}},"type":"cond-expr","locations":[{"start":{"line":6,"column":65},"end":{"line":6,"column":68}},{"start":{"line":6,"column":65},"end":{"line":6,"column":68}}]},"1":{"loc":{"start":{"line":6,"column":49},"end":{"line":6,"column":65}},"type":"binary-expr","locations":[{"start":{"line":6,"column":49},"end":{"line":6,"column":68}},{"start":{"line":6,"column":49},"end":{"line":6,"column":65}}]}},"s":{"0":0,"1":0,"2":0,"3":0,"4":0,"5":0,"6":0,"7":0,"8":0,"9":0},"f":{"0":0,"1":0,"2":0},"b":{"0":[0,0],"1":[0,0]}}
,"C:\\Users\\adria\\OneDrive\\Documentos\\Proyectos Docker\\MotorReservas\\src\\modules\\inventory\\entities\\inventory.entity.ts": {"path":"C:\\Users\\adria\\OneDrive\\Documentos\\Proyectos Docker\\MotorReservas\\src\\modules\\inventory\\entities\\inventory.entity.ts","statementMap":{"0":{"start":{"line":1,"column":0},"end":{"line":1,"column":null}},"1":{"start":{"line":11,"column":7},"end":{"line":32,"column":null}},"2":{"start":{"line":11,"column":13},"end":{"line":11,"column":22}},"3":{"start":{"line":13,"column":2},"end":{"line":13,"column":null}},"4":{"start":{"line":16,"column":2},"end":{"line":16,"column":null}},"5":{"start":{"line":19,"column":2},"end":{"line":19,"column":null}},"6":{"start":{"line":22,"column":2},"end":{"line":22,"column":null}},"7":{"start":{"line":25,"column":2},"end":{"line":25,"column":null}},"8":{"start":{"line":28,"column":2},"end":{"line":28,"column":null}},"9":{"start":{"line":31,"column":2},"end":{"line":31,"column":null}},"10":{"start":{"line":11,"column":13},"end":{"line":32,"column":null}}},"fnMap":{},"branchMap":{"0":{"loc":{"start":{"line":28,"column":13},"end":{"line":28,"column":18}},"type":"cond-expr","locations":[{"start":{"line":28,"column":17},"end":{"line":28,"column":18}},{"start":{"line":28,"column":17},"end":{"line":28,"column":18}}]},"1":{"loc":{"start":{"line":28,"column":13},"end":{"line":28,"column":17}},"type":"binary-expr","locations":[{"start":{"line":28,"column":13},"end":{"line":28,"column":18}},{"start":{"line":28,"column":13},"end":{"line":28,"column":17}}]},"2":{"loc":{"start":{"line":31,"column":13},"end":{"line":31,"column":18}},"type":"cond-expr","locations":[{"start":{"line":31,"column":17},"end":{"line":31,"column":18}},{"start":{"line":31,"column":17},"end":{"line":31,"column":18}}]},"3":{"loc":{"start":{"line":31,"column":13},"end":{"line":31,"column":17}},"type":"binary-expr","locations":[{"start":{"line":31,"column":13},"end":{"line":31,"column":18}},{"start":{"line":31,"column":13},"end":{"line":31,"column":17}}]}},"s":{"0":3,"1":3,"2":3,"3":3,"4":3,"5":3,"6":3,"7":3,"8":3,"9":3,"10":3},"f":{},"b":{"0":[3,0],"1":[3,3],"2":[3,0],"3":[3,3]}}
,"C:\\Users\\adria\\OneDrive\\Documentos\\Proyectos Docker\\MotorReservas\\src\\modules\\inventory\\repositories\\inventory.repository.ts": {"path":"C:\\Users\\adria\\OneDrive\\Documentos\\Proyectos Docker\\MotorReservas\\src\\modules\\inventory\\repositories\\inventory.repository.ts","statementMap":{"0":{"start":{"line":1,"column":0},"end":{"line":1,"column":64}},"1":{"start":{"line":2,"column":0},"end":{"line":2,"column":44}},"2":{"start":{"line":3,"column":0},"end":{"line":3,"column":51}},"3":{"start":{"line":5,"column":0},"end":{"line":5,"column":57}},"4":{"start":{"line":8,"column":32},"end":{"line":50,"column":null}},"5":{"start":{"line":13,"column":21},"end":{"line":13,"column":33}},"6":{"start":{"line":14,"column":21},"end":{"line":14,"column":31}},"7":{"start":{"line":16,"column":4},"end":{"line":18,"column":49}},"8":{"start":{"line":22,"column":4},"end":{"line":22,"column":54}},"9":{"start":{"line":26,"column":4},"end":{"line":26,"column":64}},"10":{"start":{"line":30,"column":4},"end":{"line":30,"column":34}},"11":{"start":{"line":34,"column":4},"end":{"line":34,"column":40}},"12":{"start":{"line":38,"column":4},"end":{"line":38,"column":37}},"13":{"start":{"line":42,"column":4},"end":{"line":48,"column":7}},"14":{"start":{"line":43,"column":25},"end":{"line":45,"column":null}},"15":{"start":{"line":47,"column":6},"end":{"line":47,"column":36}},"16":{"start":{"line":8,"column":13},"end":{"line":8,"column":32}},"17":{"start":{"line":8,"column":13},"end":{"line":50,"column":null}}},"fnMap":{"0":{"name":"(anonymous_4)","decl":{"start":{"line":11,"column":2},"end":{"line":11,"column":null}},"loc":{"start":{"line":14,"column":44},"end":{"line":19,"column":3}}},"1":{"name":"(anonymous_5)","decl":{"start":{"line":21,"column":2},"end":{"line":21,"column":7}},"loc":{"start":{"line":21,"column":26},"end":{"line":23,"column":3}}},"2":{"name":"(anonymous_6)","decl":{"start":{"line":25,"column":2},"end":{"line":25,"column":7}},"loc":{"start":{"line":25,"column":47},"end":{"line":27,"column":3}}},"3":{"name":"(anonymous_7)","decl":{"start":{"line":29,"column":2},"end":{"line":29,"column":7}},"loc":{"start":{"line":29,"column":15},"end":{"line":31,"column":3}}},"4":{"name":"(anonymous_8)","decl":{"start":{"line":33,"column":2},"end":{"line":33,"column":7}},"loc":{"start":{"line":33,"column":30},"end":{"line":35,"column":3}}},"5":{"name":"(anonymous_9)","decl":{"start":{"line":37,"column":2},"end":{"line":37,"column":7}},"loc":{"start":{"line":37,"column":25},"end":{"line":39,"column":3}}},"6":{"name":"(anonymous_10)","decl":{"start":{"line":41,"column":2},"end":{"line":41,"column":7}},"loc":{"start":{"line":41,"column":55},"end":{"line":49,"column":3}}},"7":{"name":"(anonymous_11)","decl":{"start":{"line":42,"column":39},"end":{"line":42,"column":44}},"loc":{"start":{"line":42,"column":57},"end":{"line":48,"column":5}}}},"branchMap":{"0":{"loc":{"start":{"line":16,"column":22},"end":{"line":18,"column":48}},"type":"cond-expr","locations":[{"start":{"line":17,"column":8},"end":{"line":17,"column":45}},{"start":{"line":18,"column":8},"end":{"line":18,"column":48}}]},"1":{"loc":{"start":{"line":13,"column":33},"end":{"line":13,"column":null}},"type":"cond-expr","locations":[{"start":{"line":13,"column":43},"end":{"line":13,"column":null}},{"start":{"line":13,"column":43},"end":{"line":13,"column":null}}]},"2":{"loc":{"start":{"line":13,"column":33},"end":{"line":13,"column":43}},"type":"binary-expr","locations":[{"start":{"line":13,"column":33},"end":{"line":13,"column":null}},{"start":{"line":13,"column":33},"end":{"line":13,"column":43}}]},"3":{"loc":{"start":{"line":13,"column":43},"end":{"line":14,"column":null}},"type":"cond-expr","locations":[{"start":{"line":14,"column":44},"end":{"line":14,"column":null}},{"start":{"line":14,"column":44},"end":{"line":14,"column":null}}]},"4":{"loc":{"start":{"line":13,"column":43},"end":{"line":14,"column":44}},"type":"binary-expr","locations":[{"start":{"line":13,"column":43},"end":{"line":14,"column":null}},{"start":{"line":14,"column":31},"end":{"line":14,"column":44}}]}},"s":{"0":1,"1":1,"2":1,"3":1,"4":1,"5":0,"6":0,"7":0,"8":0,"9":0,"10":0,"11":0,"12":0,"13":0,"14":0,"15":0,"16":1,"17":1},"f":{"0":0,"1":0,"2":0,"3":0,"4":0,"5":0,"6":0,"7":0},"b":{"0":[0,0],"1":[1,0],"2":[1,1],"3":[1,0],"4":[1,1]}}
,"C:\\Users\\adria\\OneDrive\\Documentos\\Proyectos Docker\\MotorReservas\\src\\modules\\inventory\\services\\inventory.service.ts": {"path":"C:\\Users\\adria\\OneDrive\\Documentos\\Proyectos Docker\\MotorReservas\\src\\modules\\inventory\\services\\inventory.service.ts","statementMap":{"0":{"start":{"line":1,"column":0},"end":{"line":1,"column":null}},"1":{"start":{"line":6,"column":0},"end":{"line":6,"column":75}},"2":{"start":{"line":7,"column":0},"end":{"line":7,"column":57}},"3":{"start":{"line":10,"column":7},"end":{"line":41,"column":null}},"4":{"start":{"line":11,"column":31},"end":{"line":11,"column":52}},"5":{"start":{"line":18,"column":6},"end":{"line":18,"column":69}},"6":{"start":{"line":19,"column":4},"end":{"line":23,"column":5}},"7":{"start":{"line":20,"column":6},"end":{"line":22,"column":8}},"8":{"start":{"line":25,"column":22},"end":{"line":25,"column":37}},"9":{"start":{"line":26,"column":4},"end":{"line":26,"column":42}},"10":{"start":{"line":27,"column":4},"end":{"line":27,"column":39}},"11":{"start":{"line":28,"column":4},"end":{"line":28,"column":43}},"12":{"start":{"line":30,"column":4},"end":{"line":30,"column":52}},"13":{"start":{"line":35,"column":6},"end":{"line":35,"column":69}},"14":{"start":{"line":36,"column":4},"end":{"line":38,"column":5}},"15":{"start":{"line":37,"column":6},"end":{"line":37,"column":72}},"16":{"start":{"line":39,"column":4},"end":{"line":39,"column":21}},"17":{"start":{"line":10,"column":13},"end":{"line":10,"column":29}},"18":{"start":{"line":10,"column":13},"end":{"line":41,"column":null}}},"fnMap":{"0":{"name":"(anonymous_2)","decl":{"start":{"line":11,"column":2},"end":{"line":11,"column":31}},"loc":{"start":{"line":11,"column":71},"end":{"line":11,"column":75}}},"1":{"name":"(anonymous_3)","decl":{"start":{"line":13,"column":2},"end":{"line":13,"column":7}},"loc":{"start":{"line":15,"column":22},"end":{"line":31,"column":3}}},"2":{"name":"(anonymous_4)","decl":{"start":{"line":33,"column":2},"end":{"line":33,"column":7}},"loc":{"start":{"line":33,"column":39},"end":{"line":40,"column":3}}}},"branchMap":{"0":{"loc":{"start":{"line":19,"column":4},"end":{"line":23,"column":5}},"type":"if","locations":[{"start":{"line":19,"column":4},"end":{"line":23,"column":5}},{"start":{},"end":{}}]},"1":{"loc":{"start":{"line":36,"column":4},"end":{"line":38,"column":5}},"type":"if","locations":[{"start":{"line":36,"column":4},"end":{"line":38,"column":5}},{"start":{},"end":{}}]},"2":{"loc":{"start":{"line":11,"column":52},"end":{"line":11,"column":74}},"type":"cond-expr","locations":[{"start":{"line":11,"column":71},"end":{"line":11,"column":74}},{"start":{"line":11,"column":71},"end":{"line":11,"column":74}}]},"3":{"loc":{"start":{"line":11,"column":52},"end":{"line":11,"column":71}},"type":"binary-expr","locations":[{"start":{"line":11,"column":52},"end":{"line":11,"column":74}},{"start":{"line":11,"column":52},"end":{"line":11,"column":71}}]}},"s":{"0":1,"1":1,"2":1,"3":1,"4":5,"5":2,"6":2,"7":1,"8":1,"9":1,"10":1,"11":1,"12":1,"13":2,"14":2,"15":1,"16":1,"17":1,"18":1},"f":{"0":5,"1":2,"2":2},"b":{"0":[1,1],"1":[1,1],"2":[1,0],"3":[1,1]}}
}
